# 6.7. Raspberry Pi Linux API Headers
local script time: 00:02:28

# 6.8. Man-pages-3.66
local script time: 00:00:06

# 6.9. Glibc-2.19
local script time: 05:43:58

# 6.10. Adjusting the Toolchain
local script time: 00:00:00

# 6.11. Zlib-1.2.8
local script time: 00:04:57

# 6.12. File-5.18
local script time: 00:05:24

# 6.13. Binutils-2.24
local script time: 01:21:53

# 6.14. GMP-6.0.0a
local script time: 00:45:40

# 6.15. MPFR-3.1.2
local script time: 00:28:57

# 6.16. MPC-1.0.2
local script time: 00:07:42

# 6.17. GCC-4.9.0
local script time: 11:24:00

# 6.18. Sed-4.2.2
local script time: 00:09:51

# 6.19. Bzip2-1.0.6
local script time: 00:04:57

# 6.20. Pkg-config-0.28
local script time: 00:20:58

# 6.21. Ncurses-5.9
local script time: 00:39:20

6.22. Attr-2.4.47
local script time: 00:03:38

6.23. Acl-2.2.52
local script time: 00:05:52

6.24. Libcap-2.24
local script time: 00:01:01

# 6.25. Shadow-4.2.1
local script time: 00:16:30

# 6.26. Psmisc-22.21
local script time: 00:03:16

# 6.27. Procps-ng-3.3.9
local script time: 00:09:37

# 6.28. E2fsprogs-1.42.9
local script time: 00:16:44

# 6.29. Coreutils-8.22
local script time: 01:01:48

# 6.30. Iana-Etc-2.30
local script time: 00:00:09

# 6.31. M4-1.4.17
local script time: 00:12:46

# 6.32. Flex-2.5.39
local script time: 00:07:39

# 6.33. Bison-3.0.2
local script time: 00:21:24

# 6.34. Grep-2.18
local script time: 00:14:07

# 6.35. Readline-6.3
local script time: 00:07:47

# 6.36. Bash-4.3
local script time: 00:24:26

# 6.37. Bc-1.06.95
local script time: 00:04:40

# 6.38. Libtool-2.4.2
local script time: 00:04:15

# 6.39. GDBM-1.11
local script time: 00:08:33

6.40. Expat-2.1.0
local script time: 00:06:22

# 6.41. Inetutils-1.9.2
local script time: 00:25:53

# 6.42. Perl-5.18.2
local script time: 02:37:34

6.43. XML::Parser-2.42_01
local script time: 00:01:49

# 6.44. Autoconf-2.69
local script time: 00:01:15

# 6.45. Automake-1.14.1
local script time: 00:01:43

# 6.46. Diffutils-3.3
local script time: 00:16:39

# 6.47. Gawk-4.1.1
local script time: 00:21:30

# 6.48. Findutils-4.4.2
local script time: 00:13:48

# 6.49. Gettext-0.18.3.2
local script time: 02:06:20

6.50. Intltool-0.50.2
local script time: 00:00:16

6.51. Gperf-3.0.4
local script time: 00:02:44

# 6.52. Groff-1.22.2
local script time: 00:37:38

# 6.53. Xz-5.0.5
local script time: 00:15:44

# 6.55. Less-458
local script time: 00:05:07

# 6.56. Gzip-1.6
local script time: 00:09:33

# 6.57. IPRoute2-3.14.0
local script time: 00:12:31

# 6.58. Kbd-2.0.1
local script time: 00:10:15

# 6.59. Kmod-17
local script time: 00:05:41

# 6.60. Libpipeline-1.3.0
local script time: 00:08:19

# 6.61. Make-4.0
local script time: 00:06:22

# 6.62. Patch-2.7.1
local script time: 00:11:39

# 6.63. Sysklogd-1.5
local script time: 00:00:50

# 6.64. Sysvinit-2.88dsf
local script time: 00:01:17

# 6.65. Tar-1.27.1
local script time: 00:31:23

# 6.66. Texinfo-5.2
local script time: 00:21:35

# 6.67. Eudev-1.6
local script time: 00:16:46

# 6.68. Util-linux-2.24.2
local script time: 00:53:52

# 6.69. Man-DB-2.6.7.1
local script time: 00:22:20

# 6.70. Vim-7.4
local script time: 00:41:36

Total script time: 36:32:46
